2025-10-24 08:09:59.658 [info] Reading sessions from keychain...
2025-10-24 08:09:59.658 [info] Getting sessions for all scopes...
2025-10-24 08:09:59.658 [info] Got 0 sessions for ...
2025-10-24 08:09:59.658 [info] Getting sessions for all scopes...
2025-10-24 08:09:59.658 [info] Got 0 sessions for ...
2025-10-24 08:09:59.658 [info] Getting sessions for all scopes...
2025-10-24 08:09:59.658 [info] Got 0 sessions for ...
2025-10-24 08:09:59.658 [info] Getting sessions for all scopes...
2025-10-24 08:09:59.658 [info] Got 0 sessions for ...
2025-10-24 08:09:59.658 [info] Getting sessions for all scopes...
2025-10-24 08:09:59.658 [info] Got 0 sessions for ...
2025-10-24 08:09:59.658 [info] Getting sessions for all scopes...
2025-10-24 08:09:59.658 [info] Got 0 sessions for ...
2025-10-24 08:09:59.658 [info] Getting sessions for all scopes...
2025-10-24 08:09:59.658 [info] Got 0 sessions for ...
2025-10-24 08:09:59.659 [info] Getting sessions for user:email...
2025-10-24 08:09:59.659 [info] Got 0 sessions for user:email...
2025-10-24 08:09:59.659 [info] Getting sessions for read:user,repo,user:email,workflow...
2025-10-24 08:09:59.659 [info] Got 0 sessions for read:user,repo,user:email,workflow...
2025-10-24 08:09:59.666 [info] Getting sessions for all scopes...
2025-10-24 08:09:59.666 [info] Got 0 sessions for ...
2025-10-24 08:09:59.666 [info] Getting sessions for all scopes...
2025-10-24 08:09:59.666 [info] Got 0 sessions for ...
2025-10-24 08:09:59.672 [info] Getting sessions for all scopes...
2025-10-24 08:09:59.672 [info] Got 0 sessions for ...
2025-10-24 08:09:59.674 [info] Getting sessions for user:email...
2025-10-24 08:09:59.674 [info] Got 0 sessions for user:email...
2025-10-24 08:09:59.683 [info] Getting sessions for all scopes...
2025-10-24 08:09:59.683 [info] Got 0 sessions for ...
2025-10-24 08:09:59.687 [info] Getting sessions for user:email...
2025-10-24 08:09:59.687 [info] Got 0 sessions for user:email...
2025-10-24 08:09:59.689 [info] Getting sessions for all scopes...
2025-10-24 08:09:59.689 [info] Got 0 sessions for ...
2025-10-24 08:09:59.690 [info] Getting sessions for user:email...
2025-10-24 08:09:59.690 [info] Got 0 sessions for user:email...
2025-10-24 08:09:59.693 [info] Getting sessions for all scopes...
2025-10-24 08:09:59.694 [info] Got 0 sessions for ...
2025-10-24 08:09:59.695 [info] Getting sessions for user:email...
2025-10-24 08:09:59.695 [info] Got 0 sessions for user:email...
2025-10-24 08:09:59.696 [info] Getting sessions for all scopes...
2025-10-24 08:09:59.696 [info] Got 0 sessions for ...
2025-10-24 08:09:59.696 [info] Getting sessions for user:email...
2025-10-24 08:09:59.696 [info] Got 0 sessions for user:email...
2025-10-24 08:10:01.986 [info] Getting sessions for all scopes...
2025-10-24 08:10:01.986 [info] Got 0 sessions for ...
2025-10-24 08:10:57.811 [info] Getting sessions for all scopes...
2025-10-24 08:10:57.811 [info] Got 0 sessions for ...
