2025-10-23 00:32:42.624 [info] [getSessions] [all] starting
2025-10-23 00:32:42.624 [info] [getSessions] [all] returned 0 session(s)
2025-10-23 00:32:42.624 [info] [getSessions] [all] starting
2025-10-23 00:32:42.624 [info] [getSessions] [all] returned 0 session(s)
2025-10-23 00:32:42.624 [info] [getSessions] [all] starting
2025-10-23 00:32:42.624 [info] [getSessions] [all] returned 0 session(s)
2025-10-23 00:32:42.626 [info] [getSessions] [499b84ac-1321-427f-aa17-267ca6975798/.default offline_access] starting
2025-10-23 00:32:42.626 [info] [aebc6443-996d-45c2-90f0-388ff96faa56] Native Broker is only available on Windows
2025-10-23 00:32:42.630 [info] [getSessions] [499b84ac-1321-427f-aa17-267ca6975798/.default offline_access] returned 0 session(s)
2025-10-23 00:32:42.787 [info] [getSessions] [all] starting
2025-10-23 00:32:42.787 [info] [getSessions] [all] returned 0 session(s)
2025-10-23 00:32:42.788 [info] [getSessions] [all] starting
2025-10-23 00:32:42.788 [info] [getSessions] [all] returned 0 session(s)
2025-10-23 00:32:42.793 [info] [getSessions] [all] starting
2025-10-23 00:32:42.793 [info] [getSessions] [all] returned 0 session(s)
2025-10-23 00:33:03.592 [info] [aebc6443-996d-45c2-90f0-388ff96faa56] Native Broker is only available on Windows
2025-10-23 00:33:03.607 [info] [getSessions] [all] starting
2025-10-23 00:33:03.607 [info] [getSessions] [all] returned 0 session(s)
2025-10-23 00:33:03.607 [info] [getSessions] [all] starting
2025-10-23 00:33:03.607 [info] [getSessions] [all] returned 0 session(s)
2025-10-23 00:33:03.607 [info] [getSessions] [all] starting
2025-10-23 00:33:03.607 [info] [getSessions] [all] returned 0 session(s)
2025-10-23 00:33:03.607 [info] [getSessions] [all] starting
2025-10-23 00:33:03.607 [info] [getSessions] [all] returned 0 session(s)
2025-10-23 00:33:03.711 [info] [getSessions] [499b84ac-1321-427f-aa17-267ca6975798/.default offline_access] starting
2025-10-23 00:33:03.711 [info] [aebc6443-996d-45c2-90f0-388ff96faa56] Native Broker is only available on Windows
2025-10-23 00:33:03.812 [info] [getSessions] [499b84ac-1321-427f-aa17-267ca6975798/.default offline_access] returned 0 session(s)
2025-10-23 00:33:03.813 [info] [getSessions] [all] starting
2025-10-23 00:33:03.813 [info] [getSessions] [all] returned 0 session(s)
2025-10-23 02:17:34.808 [info] [getSessions] [all] starting
2025-10-23 02:17:34.808 [info] [getSessions] [all] returned 0 session(s)
2025-10-23 02:17:51.172 [info] [getSessions] [all] starting
2025-10-23 02:17:51.172 [info] [getSessions] [all] returned 0 session(s)
2025-10-23 02:17:54.734 [info] [getSessions] [all] starting
2025-10-23 02:17:54.734 [info] [getSessions] [all] returned 0 session(s)
2025-10-23 02:17:55.856 [info] [getSessions] [all] starting
2025-10-23 02:17:55.856 [info] [getSessions] [all] returned 0 session(s)
2025-10-23 02:17:56.237 [info] [getSessions] [all] starting
2025-10-23 02:17:56.237 [info] [getSessions] [all] returned 0 session(s)
