2025-10-23 00:32:42.622 [info] Reading sessions from keychain...
2025-10-23 00:32:42.622 [info] Getting sessions for all scopes...
2025-10-23 00:32:42.622 [info] Got 0 sessions for ...
2025-10-23 00:32:42.622 [info] Getting sessions for all scopes...
2025-10-23 00:32:42.622 [info] Got 0 sessions for ...
2025-10-23 00:32:42.622 [info] Getting sessions for all scopes...
2025-10-23 00:32:42.622 [info] Got 0 sessions for ...
2025-10-23 00:32:42.622 [info] Getting sessions for all scopes...
2025-10-23 00:32:42.622 [info] Got 0 sessions for ...
2025-10-23 00:32:42.622 [info] Getting sessions for all scopes...
2025-10-23 00:32:42.622 [info] Got 0 sessions for ...
2025-10-23 00:32:42.622 [info] Getting sessions for user:email...
2025-10-23 00:32:42.622 [info] Got 0 sessions for user:email...
2025-10-23 00:32:42.622 [info] Getting sessions for read:user,repo,user:email,workflow...
2025-10-23 00:32:42.622 [info] Got 0 sessions for read:user,repo,user:email,workflow...
2025-10-23 00:32:42.627 [info] Getting sessions for all scopes...
2025-10-23 00:32:42.627 [info] Got 0 sessions for ...
2025-10-23 00:32:42.627 [info] Getting sessions for all scopes...
2025-10-23 00:32:42.627 [info] Got 0 sessions for ...
2025-10-23 00:32:42.629 [info] Getting sessions for user:email...
2025-10-23 00:32:42.629 [info] Got 0 sessions for user:email...
2025-10-23 00:32:42.634 [info] Getting sessions for all scopes...
2025-10-23 00:32:42.634 [info] Got 0 sessions for ...
2025-10-23 00:32:42.635 [info] Getting sessions for user:email...
2025-10-23 00:32:42.635 [info] Got 0 sessions for user:email...
2025-10-23 00:32:42.636 [info] Getting sessions for all scopes...
2025-10-23 00:32:42.636 [info] Got 0 sessions for ...
2025-10-23 00:32:42.637 [info] Getting sessions for user:email...
2025-10-23 00:32:42.637 [info] Got 0 sessions for user:email...
2025-10-23 00:32:42.640 [info] Getting sessions for all scopes...
2025-10-23 00:32:42.640 [info] Got 0 sessions for ...
2025-10-23 00:32:42.642 [info] Getting sessions for user:email...
2025-10-23 00:32:42.642 [info] Got 0 sessions for user:email...
2025-10-23 00:32:42.643 [info] Getting sessions for all scopes...
2025-10-23 00:32:42.643 [info] Got 0 sessions for ...
2025-10-23 00:32:42.643 [info] Getting sessions for user:email...
2025-10-23 00:32:42.643 [info] Got 0 sessions for user:email...
2025-10-23 00:32:42.787 [info] Getting sessions for all scopes...
2025-10-23 00:32:42.787 [info] Got 0 sessions for ...
2025-10-23 00:32:42.788 [info] Getting sessions for all scopes...
2025-10-23 00:32:42.788 [info] Got 0 sessions for ...
2025-10-23 00:32:42.792 [info] Getting sessions for all scopes...
2025-10-23 00:32:42.793 [info] Got 0 sessions for ...
2025-10-23 00:33:03.588 [info] Reading sessions from keychain...
2025-10-23 00:33:03.588 [info] Getting sessions for all scopes...
2025-10-23 00:33:03.588 [info] Got 0 sessions for ...
2025-10-23 00:33:03.588 [info] Getting sessions for all scopes...
2025-10-23 00:33:03.588 [info] Got 0 sessions for ...
2025-10-23 00:33:03.588 [info] Getting sessions for all scopes...
2025-10-23 00:33:03.588 [info] Got 0 sessions for ...
2025-10-23 00:33:03.588 [info] Getting sessions for all scopes...
2025-10-23 00:33:03.588 [info] Got 0 sessions for ...
2025-10-23 00:33:03.588 [info] Getting sessions for all scopes...
2025-10-23 00:33:03.588 [info] Got 0 sessions for ...
2025-10-23 00:33:03.588 [info] Getting sessions for all scopes...
2025-10-23 00:33:03.588 [info] Got 0 sessions for ...
2025-10-23 00:33:03.588 [info] Getting sessions for all scopes...
2025-10-23 00:33:03.588 [info] Got 0 sessions for ...
2025-10-23 00:33:03.590 [info] Getting sessions for user:email...
2025-10-23 00:33:03.590 [info] Got 0 sessions for user:email...
2025-10-23 00:33:03.590 [info] Getting sessions for read:user,repo,user:email,workflow...
2025-10-23 00:33:03.591 [info] Got 0 sessions for read:user,repo,user:email,workflow...
2025-10-23 00:33:03.604 [info] Getting sessions for all scopes...
2025-10-23 00:33:03.604 [info] Got 0 sessions for ...
2025-10-23 00:33:03.604 [info] Getting sessions for all scopes...
2025-10-23 00:33:03.604 [info] Got 0 sessions for ...
2025-10-23 00:33:03.606 [info] Getting sessions for all scopes...
2025-10-23 00:33:03.606 [info] Got 0 sessions for ...
2025-10-23 00:33:03.711 [info] Getting sessions for user:email...
2025-10-23 00:33:03.711 [info] Got 0 sessions for user:email...
2025-10-23 00:33:03.808 [info] Getting sessions for all scopes...
2025-10-23 00:33:03.808 [info] Got 0 sessions for ...
2025-10-23 00:33:03.821 [info] Getting sessions for all scopes...
2025-10-23 00:33:03.821 [info] Got 0 sessions for ...
2025-10-23 00:33:03.822 [info] Getting sessions for user:email...
2025-10-23 00:33:03.822 [info] Got 0 sessions for user:email...
2025-10-23 00:33:03.822 [info] Getting sessions for all scopes...
2025-10-23 00:33:03.822 [info] Got 0 sessions for ...
2025-10-23 00:33:03.823 [info] Getting sessions for user:email...
2025-10-23 00:33:03.823 [info] Got 0 sessions for user:email...
2025-10-23 00:33:03.826 [info] Getting sessions for all scopes...
2025-10-23 00:33:03.826 [info] Got 0 sessions for ...
2025-10-23 00:33:03.830 [info] Getting sessions for user:email...
2025-10-23 00:33:03.830 [info] Got 0 sessions for user:email...
2025-10-23 00:33:03.832 [info] Getting sessions for all scopes...
2025-10-23 00:33:03.832 [info] Got 0 sessions for ...
2025-10-23 00:33:03.833 [info] Getting sessions for user:email...
2025-10-23 00:33:03.833 [info] Got 0 sessions for user:email...
2025-10-23 02:17:34.805 [info] Getting sessions for all scopes...
2025-10-23 02:17:34.807 [info] Got 0 sessions for ...
2025-10-23 02:17:51.171 [info] Getting sessions for all scopes...
2025-10-23 02:17:51.171 [info] Got 0 sessions for ...
2025-10-23 02:17:54.733 [info] Getting sessions for all scopes...
2025-10-23 02:17:54.733 [info] Got 0 sessions for ...
2025-10-23 02:17:55.855 [info] Getting sessions for all scopes...
2025-10-23 02:17:55.855 [info] Got 0 sessions for ...
2025-10-23 02:17:56.236 [info] Getting sessions for all scopes...
2025-10-23 02:17:56.236 [info] Got 0 sessions for ...
