2025-10-23 00:32:42.352 [info] [main] Log level: Info
2025-10-23 00:32:42.352 [info] [main] Validating found git in: "git"
2025-10-23 00:32:42.352 [info] [main] Using git "2.51.0" from "git"
2025-10-23 00:32:42.352 [info] [Model][doInitialScan] Initial repository scan started
2025-10-23 00:32:42.352 [info] [Model][doInitialScan] Initial repository scan completed - repositories (0), closed repositories (0), parent repositories (0), unsafe repositories (0)
2025-10-23 00:33:03.572 [info] [main] Log level: Info
2025-10-23 00:33:03.572 [info] [main] Validating found git in: "git"
2025-10-23 00:33:03.572 [info] [main] Using git "2.51.0" from "git"
2025-10-23 00:33:03.572 [info] [Model][doInitialScan] Initial repository scan started
2025-10-23 00:33:03.572 [info] > git rev-parse --show-toplevel [101ms]
2025-10-23 00:33:03.572 [info] fatal: not a git repository (or any of the parent directories): .git
2025-10-23 00:33:03.581 [info] > git rev-parse --show-toplevel [3ms]
2025-10-23 00:33:03.581 [info] fatal: not a git repository (or any of the parent directories): .git
2025-10-23 00:33:03.587 [info] > git rev-parse --show-toplevel [1ms]
2025-10-23 00:33:03.587 [info] fatal: not a git repository (or any of the parent directories): .git
2025-10-23 00:33:03.587 [info] [Model][doInitialScan] Initial repository scan completed - repositories (0), closed repositories (0), parent repositories (0), unsafe repositories (0)
2025-10-23 00:33:08.199 [info] > git rev-parse --show-toplevel [1ms]
2025-10-23 00:33:08.199 [info] fatal: not a git repository (or any of the parent directories): .git
2025-10-23 00:35:59.803 [info] > git rev-parse --show-toplevel [6ms]
2025-10-23 00:35:59.803 [info] fatal: not a git repository (or any of the parent directories): .git
2025-10-23 00:36:06.736 [info] > git rev-parse --show-toplevel [1ms]
2025-10-23 00:36:06.736 [info] fatal: not a git repository (or any of the parent directories): .git
2025-10-23 00:36:10.712 [info] > git rev-parse --show-toplevel [2ms]
2025-10-23 00:36:10.712 [info] fatal: not a git repository (or any of the parent directories): .git
2025-10-23 01:00:40.520 [info] > git rev-parse --show-toplevel [2ms]
2025-10-23 01:00:40.520 [info] fatal: not a git repository (or any of the parent directories): .git
2025-10-23 01:00:42.456 [info] > git rev-parse --show-toplevel [1ms]
2025-10-23 01:00:42.456 [info] fatal: not a git repository (or any of the parent directories): .git
2025-10-23 01:00:43.648 [info] > git rev-parse --show-toplevel [1ms]
2025-10-23 01:00:43.648 [info] fatal: not a git repository (or any of the parent directories): .git
2025-10-23 01:00:45.495 [info] > git rev-parse --show-toplevel [2ms]
2025-10-23 01:00:45.495 [info] fatal: not a git repository (or any of the parent directories): .git
2025-10-23 01:00:46.406 [info] > git rev-parse --show-toplevel [1ms]
2025-10-23 01:00:46.406 [info] fatal: not a git repository (or any of the parent directories): .git
2025-10-23 01:00:55.183 [info] > git rev-parse --show-toplevel [1ms]
2025-10-23 01:00:55.183 [info] fatal: not a git repository (or any of the parent directories): .git
2025-10-23 01:14:12.071 [info] > git rev-parse --show-toplevel [2ms]
2025-10-23 01:14:12.071 [info] fatal: not a git repository (or any of the parent directories): .git
2025-10-23 02:16:54.690 [info] > git rev-parse --show-toplevel [9ms]
2025-10-23 02:16:54.690 [info] fatal: not a git repository (or any of the parent directories): .git
2025-10-23 02:16:54.696 [info] > git rev-parse --show-toplevel [2ms]
2025-10-23 02:16:54.696 [info] fatal: not a git repository (or any of the parent directories): .git
2025-10-23 02:16:57.145 [info] > git rev-parse --show-toplevel [1ms]
2025-10-23 02:16:57.145 [info] fatal: not a git repository (or any of the parent directories): .git
2025-10-23 02:16:57.150 [info] > git rev-parse --show-toplevel [1ms]
2025-10-23 02:16:57.150 [info] fatal: not a git repository (or any of the parent directories): .git
2025-10-23 02:16:57.156 [info] > git rev-parse --show-toplevel [1ms]
2025-10-23 02:16:57.156 [info] fatal: not a git repository (or any of the parent directories): .git
2025-10-23 02:17:19.742 [info] > git rev-parse --show-toplevel [2ms]
2025-10-23 02:17:19.742 [info] fatal: not a git repository (or any of the parent directories): .git
2025-10-23 02:17:34.777 [info] > git rev-parse --show-toplevel [2ms]
2025-10-23 02:17:34.777 [info] fatal: not a git repository (or any of the parent directories): .git
2025-10-23 02:18:04.366 [info] > git rev-parse --show-toplevel [1ms]
2025-10-23 02:18:04.366 [info] fatal: not a git repository (or any of the parent directories): .git
2025-10-23 02:18:04.370 [info] > git rev-parse --show-toplevel [1ms]
2025-10-23 02:18:04.370 [info] fatal: not a git repository (or any of the parent directories): .git
2025-10-23 02:18:05.873 [info] > git rev-parse --show-toplevel [1ms]
2025-10-23 02:18:05.873 [info] fatal: not a git repository (or any of the parent directories): .git
