2025-10-24 09:06:35.401 [info] Reading sessions from keychain...
2025-10-24 09:06:35.401 [info] Getting sessions for all scopes...
2025-10-24 09:06:35.401 [info] Got 0 sessions for ...
2025-10-24 09:06:35.401 [info] Getting sessions for all scopes...
2025-10-24 09:06:35.401 [info] Got 0 sessions for ...
2025-10-24 09:06:35.401 [info] Getting sessions for all scopes...
2025-10-24 09:06:35.401 [info] Got 0 sessions for ...
2025-10-24 09:06:35.401 [info] Getting sessions for all scopes...
2025-10-24 09:06:35.401 [info] Got 0 sessions for ...
2025-10-24 09:06:35.401 [info] Getting sessions for all scopes...
2025-10-24 09:06:35.401 [info] Got 0 sessions for ...
2025-10-24 09:06:35.407 [info] Getting sessions for user:email...
2025-10-24 09:06:35.407 [info] Got 0 sessions for user:email...
2025-10-24 09:06:35.409 [info] Getting sessions for read:user,repo,user:email,workflow...
2025-10-24 09:06:35.410 [info] Got 0 sessions for read:user,repo,user:email,workflow...
2025-10-24 09:06:35.418 [info] Getting sessions for all scopes...
2025-10-24 09:06:35.418 [info] Got 0 sessions for ...
2025-10-24 09:06:35.418 [info] Getting sessions for all scopes...
2025-10-24 09:06:35.418 [info] Got 0 sessions for ...
2025-10-24 09:06:35.424 [info] Getting sessions for all scopes...
2025-10-24 09:06:35.424 [info] Got 0 sessions for ...
2025-10-24 09:06:35.424 [info] Getting sessions for all scopes...
2025-10-24 09:06:35.424 [info] Got 0 sessions for ...
2025-10-24 09:06:35.430 [info] Getting sessions for all scopes...
2025-10-24 09:06:35.430 [info] Got 0 sessions for ...
2025-10-24 09:06:35.445 [info] Getting sessions for all scopes...
2025-10-24 09:06:35.445 [info] Got 0 sessions for ...
2025-10-24 09:06:35.466 [info] Getting sessions for user:email...
2025-10-24 09:06:35.466 [info] Got 0 sessions for user:email...
2025-10-24 09:06:35.479 [info] Getting sessions for all scopes...
2025-10-24 09:06:35.479 [info] Got 0 sessions for ...
2025-10-24 09:06:35.486 [info] Getting sessions for all scopes...
2025-10-24 09:06:35.486 [info] Got 0 sessions for ...
2025-10-24 09:06:35.487 [info] Getting sessions for user:email...
2025-10-24 09:06:35.487 [info] Got 0 sessions for user:email...
2025-10-24 09:06:35.488 [info] Getting sessions for all scopes...
2025-10-24 09:06:35.488 [info] Got 0 sessions for ...
2025-10-24 09:06:35.488 [info] Getting sessions for user:email...
2025-10-24 09:06:35.488 [info] Got 0 sessions for user:email...
2025-10-24 09:06:35.491 [info] Getting sessions for all scopes...
2025-10-24 09:06:35.491 [info] Got 0 sessions for ...
2025-10-24 09:06:35.492 [info] Getting sessions for user:email...
2025-10-24 09:06:35.492 [info] Got 0 sessions for user:email...
2025-10-24 09:06:35.492 [info] Getting sessions for all scopes...
2025-10-24 09:06:35.492 [info] Got 0 sessions for ...
2025-10-24 09:06:35.493 [info] Getting sessions for user:email...
2025-10-24 09:06:35.493 [info] Got 0 sessions for user:email...
